<?xml version="1.0" encoding="UTF-8"?>
<!-- Generated by org.testng.reporters.JUnitXMLReporter -->
<testsuite ignored="2" hostname="DESKTOP-TQ5Q620" failures="0" tests="1" name="Default test" time="0.068" errors="0" timestamp="2021-04-21T18:30:19 EDT">
  <testcase classname="com.peoplentech.automationtrainingcourse.Group" name="f9" time="0.012"/>
  <testcase classname="com.peoplentech.automationtrainingcourse.Group" name="f6" time="0.0">
    <ignored/>
  </testcase> <!-- f6 -->
  <testcase classname="com.peoplentech.automationtrainingcourse.Group" name="f" time="0.0">
    <ignored/>
  </testcase> <!-- f -->
</testsuite> <!-- Default test -->
