<?xml version="1.0" encoding="UTF-8"?>
<!-- Generated by org.testng.reporters.JUnitXMLReporter -->
<testsuite ignored="0" hostname="DESKTOP-TQ5Q620" failures="0" tests="4" name="Adhoc1" time="71.417" errors="0" timestamp="2021-04-20T21:48:01 EDT">
  <testcase classname="com.peoplentech.automationtrainingcourse.SignHomePage" name="f" time="17.526"/>
  <testcase classname="com.peoplentech.automationtrainingcourse.Duplicate" name="f" time="15.882"/>
  <testcase classname="com.peoplentech.automationtrainingcourse.SignHomePage" name="verification" time="2.481"/>
  <testcase classname="com.peoplentech.automationtrainingcourse.Duplicate" name="verification" time="2.513"/>
</testsuite> <!-- Adhoc1 -->
