<?xml version="1.0" encoding="UTF-8"?>
<!-- Generated by org.testng.reporters.JUnitXMLReporter -->
<testsuite ignored="0" hostname="DESKTOP-TQ5Q620" failures="0" tests="4" name="Adhoc6" time="70.14" errors="0" timestamp="2021-04-20T21:48:00 EDT">
  <testcase classname="com.peoplentech.automationtrainingcourse.SignHomePage" name="f" time="6.38"/>
  <testcase classname="com.peoplentech.automationtrainingcourse.Duplicate" name="f" time="5.935"/>
  <testcase classname="com.peoplentech.automationtrainingcourse.SignHomePage" name="verification" time="1.673"/>
  <testcase classname="com.peoplentech.automationtrainingcourse.Duplicate" name="verification" time="2.019"/>
</testsuite> <!-- Adhoc6 -->
