<?xml version="1.0" encoding="UTF-8"?>
<!-- Generated by org.testng.reporters.JUnitXMLReporter -->
<testsuite ignored="0" hostname="DESKTOP-TQ5Q620" failures="0" tests="4" name="Adhoc60" time="64.494" errors="0" timestamp="2021-04-20T21:47:54 EDT">
  <testcase classname="com.peoplentech.automationtrainingcourse.SignHomePage" name="f" time="13.886"/>
  <testcase classname="com.peoplentech.automationtrainingcourse.Duplicate" name="f" time="10.243"/>
  <testcase classname="com.peoplentech.automationtrainingcourse.SignHomePage" name="verification" time="3.432"/>
  <testcase classname="com.peoplentech.automationtrainingcourse.Duplicate" name="verification" time="2.408"/>
</testsuite> <!-- Adhoc60 -->
